<?xml version="1.0" encoding="UTF-8"?>
<!-- Generated by org.testng.reporters.JUnitXMLReporter -->
<testsuite ignored="2" hostname="LAPTOP-A15NSODN" failures="1" tests="2" name="Test" time="16.262" errors="0" timestamp="2023-09-21T13:27:46 IST">
  <testcase classname="com.account.CreateAdmin_genericUtil" name="createAdmin" time="0.021">
    <failure type="java.lang.AssertionError" message="expected [http://rmgtestingserver/domain/society_management_system/] but found [http://rmgtestingserver/domain/society_management_system/admin/]">
      <![CDATA[java.lang.AssertionError: expected [http://rmgtestingserver/domain/society_management_system/] but found [http://rmgtestingserver/domain/society_management_system/admin/]
at com.account.CreateAdmin_genericUtil.createAdmin(CreateAdmin_genericUtil.java:29)
at java.base/java.util.ArrayList.forEach(ArrayList.java:1511)
at java.base/java.util.concurrent.FutureTask.run(FutureTask.java:264)
at java.base/java.util.concurrent.ThreadPoolExecutor.runWorker(ThreadPoolExecutor.java:1136)
at java.base/java.util.concurrent.ThreadPoolExecutor$Worker.run(ThreadPoolExecutor.java:635)
at java.base/java.lang.Thread.run(Thread.java:833)
... Removed 23 stack frames]]>
    </failure>
  </testcase> <!-- createAdmin -->
  <testcase classname="com.account.CreateStudentId_genericUtil" name="createStudentID" time="7.605"/>
  <testcase classname="com.sms.genericUtils.BaseClass" name="@AfterSuite configAS" time="0.0">
    <ignored/>
  </testcase> <!-- @AfterSuite configAS -->
  <testcase classname="com.sms.genericUtils.BaseClass" name="@BeforeSuite configBS" time="0.0">
    <ignored/>
  </testcase> <!-- @BeforeSuite configBS -->
</testsuite> <!-- Test -->
