<?xml version="1.0" encoding="UTF-8"?>
<testng-results ignored="2" total="4" passed="1" failed="1" skipped="0">
  <reporter-output>
    <line>
      <![CDATA[createAdmin-->Execution starts]]>
    </line>
    <line>
      <![CDATA[createAdmin-->TestScript failed]]>
    </line>
    <line>
      <![CDATA[createStudentID-->Execution starts]]>
    </line>
    <line>
      <![CDATA[createStudentID-->TestScript executed successfully]]>
    </line>
  </reporter-output>
  <suite started-at="2023-09-21T13:27:29 IST" name="Suite" finished-at="2023-09-21T13:27:46 IST" duration-ms="16262">
    <groups>
    </groups>
    <test started-at="2023-09-21T13:27:29 IST" name="Test" finished-at="2023-09-21T13:27:46 IST" duration-ms="16262">
      <class name="com.account.CreateStudentId_genericUtil">
        <test-method is-config="true" signature="configBC()[pri:0, instance:com.account.CreateStudentId_genericUtil@7161d8d1]" started-at="2023-09-21T13:27:36 IST" name="configBC" finished-at="2023-09-21T13:27:37 IST" duration-ms="1155" status="PASS">
          <reporter-output>
          </reporter-output>
        </test-method> <!-- configBC -->
        <test-method is-config="true" signature="configBM()[pri:0, instance:com.account.CreateStudentId_genericUtil@7161d8d1]" started-at="2023-09-21T13:27:37 IST" name="configBM" finished-at="2023-09-21T13:27:38 IST" duration-ms="510" status="PASS">
          <reporter-output>
          </reporter-output>
        </test-method> <!-- configBM -->
        <test-method signature="createStudentID()[pri:0, instance:com.account.CreateStudentId_genericUtil@7161d8d1]" started-at="2023-09-21T13:27:38 IST" name="createStudentID" finished-at="2023-09-21T13:27:45 IST" duration-ms="7605" status="PASS">
          <reporter-output>
            <line>
              <![CDATA[createStudentID-->Execution starts]]>
            </line>
            <line>
              <![CDATA[createStudentID-->TestScript executed successfully]]>
            </line>
          </reporter-output>
        </test-method> <!-- createStudentID -->
        <test-method is-config="true" signature="configAM()[pri:0, instance:com.account.CreateStudentId_genericUtil@7161d8d1]" started-at="2023-09-21T13:27:45 IST" name="configAM" finished-at="2023-09-21T13:27:46 IST" duration-ms="245" status="PASS">
          <reporter-output>
          </reporter-output>
        </test-method> <!-- configAM -->
        <test-method is-config="true" signature="configAC()[pri:0, instance:com.account.CreateStudentId_genericUtil@7161d8d1]" started-at="2023-09-21T13:27:46 IST" name="configAC" finished-at="2023-09-21T13:27:46 IST" duration-ms="120" status="PASS">
          <reporter-output>
          </reporter-output>
        </test-method> <!-- configAC -->
      </class> <!-- com.account.CreateStudentId_genericUtil -->
      <class name="com.account.CreateAdmin_genericUtil">
        <test-method is-config="true" signature="configBS()[pri:0, instance:com.account.CreateAdmin_genericUtil@7ef82753]" started-at="2023-09-21T13:27:29 IST" name="configBS" finished-at="2023-09-21T13:27:29 IST" duration-ms="179" status="PASS">
          <reporter-output>
          </reporter-output>
        </test-method> <!-- configBS -->
        <test-method is-config="true" signature="configBC()[pri:0, instance:com.account.CreateAdmin_genericUtil@7ef82753]" started-at="2023-09-21T13:27:30 IST" name="configBC" finished-at="2023-09-21T13:27:32 IST" duration-ms="2245" status="PASS">
          <reporter-output>
          </reporter-output>
        </test-method> <!-- configBC -->
        <test-method is-config="true" signature="configBM()[pri:0, instance:com.account.CreateAdmin_genericUtil@7ef82753]" started-at="2023-09-21T13:27:32 IST" name="configBM" finished-at="2023-09-21T13:27:33 IST" duration-ms="610" status="PASS">
          <reporter-output>
          </reporter-output>
        </test-method> <!-- configBM -->
        <test-method signature="createAdmin()[pri:0, instance:com.account.CreateAdmin_genericUtil@7ef82753]" started-at="2023-09-21T13:27:33 IST" name="createAdmin" finished-at="2023-09-21T13:27:33 IST" duration-ms="21" status="FAIL">
          <exception class="java.lang.AssertionError">
            <message>
              <![CDATA[expected [http://rmgtestingserver/domain/society_management_system/] but found [http://rmgtestingserver/domain/society_management_system/admin/]]]>
            </message>
            <full-stacktrace>
              <![CDATA[java.lang.AssertionError: expected [http://rmgtestingserver/domain/society_management_system/] but found [http://rmgtestingserver/domain/society_management_system/admin/]
at org.testng.Assert.fail(Assert.java:110)
at org.testng.Assert.failNotEquals(Assert.java:1577)
at org.testng.Assert.assertEqualsImpl(Assert.java:149)
at org.testng.Assert.assertEquals(Assert.java:131)
at org.testng.Assert.assertEquals(Assert.java:655)
at org.testng.Assert.assertEquals(Assert.java:665)
at com.account.CreateAdmin_genericUtil.createAdmin(CreateAdmin_genericUtil.java:29)
at java.base/jdk.internal.reflect.NativeMethodAccessorImpl.invoke0(Native Method)
at java.base/jdk.internal.reflect.NativeMethodAccessorImpl.invoke(NativeMethodAccessorImpl.java:77)
at java.base/jdk.internal.reflect.DelegatingMethodAccessorImpl.invoke(DelegatingMethodAccessorImpl.java:43)
at java.base/java.lang.reflect.Method.invoke(Method.java:568)
at org.testng.internal.invokers.MethodInvocationHelper.invokeMethod(MethodInvocationHelper.java:139)
at org.testng.internal.invokers.TestInvoker.invokeMethod(TestInvoker.java:677)
at org.testng.internal.invokers.TestInvoker.invokeTestMethod(TestInvoker.java:221)
at org.testng.internal.invokers.MethodRunner.runInSequence(MethodRunner.java:50)
at org.testng.internal.invokers.TestInvoker$MethodInvocationAgent.invoke(TestInvoker.java:969)
at org.testng.internal.invokers.TestInvoker.invokeTestMethods(TestInvoker.java:194)
at org.testng.internal.invokers.TestMethodWorker.invokeTestMethods(TestMethodWorker.java:148)
at org.testng.internal.invokers.TestMethodWorker.run(TestMethodWorker.java:128)
at java.base/java.util.ArrayList.forEach(ArrayList.java:1511)
at org.testng.TestRunner.privateRun(TestRunner.java:829)
at org.testng.TestRunner.run(TestRunner.java:602)
at org.testng.SuiteRunner.runTest(SuiteRunner.java:437)
at org.testng.SuiteRunner$SuiteWorker.run(SuiteRunner.java:475)
at org.testng.internal.thread.ThreadUtil.lambda$execute$0(ThreadUtil.java:58)
at java.base/java.util.concurrent.FutureTask.run(FutureTask.java:264)
at java.base/java.util.concurrent.ThreadPoolExecutor.runWorker(ThreadPoolExecutor.java:1136)
at java.base/java.util.concurrent.ThreadPoolExecutor$Worker.run(ThreadPoolExecutor.java:635)
at java.base/java.lang.Thread.run(Thread.java:833)
]]>
            </full-stacktrace>
          </exception> <!-- java.lang.AssertionError -->
          <reporter-output>
            <line>
              <![CDATA[createAdmin-->Execution starts]]>
            </line>
            <line>
              <![CDATA[createAdmin-->TestScript failed]]>
            </line>
          </reporter-output>
        </test-method> <!-- createAdmin -->
        <test-method is-config="true" signature="configAM()[pri:0, instance:com.account.CreateAdmin_genericUtil@7ef82753]" started-at="2023-09-21T13:27:33 IST" name="configAM" finished-at="2023-09-21T13:27:36 IST" duration-ms="3095" status="PASS">
          <reporter-output>
          </reporter-output>
        </test-method> <!-- configAM -->
        <test-method is-config="true" signature="configAC()[pri:0, instance:com.account.CreateAdmin_genericUtil@7ef82753]" started-at="2023-09-21T13:27:36 IST" name="configAC" finished-at="2023-09-21T13:27:36 IST" duration-ms="180" status="PASS">
          <reporter-output>
          </reporter-output>
        </test-method> <!-- configAC -->
        <test-method is-config="true" signature="configAS()[pri:0, instance:com.account.CreateAdmin_genericUtil@7ef82753]" started-at="2023-09-21T13:27:46 IST" name="configAS" finished-at="2023-09-21T13:27:46 IST" duration-ms="5" status="PASS">
          <reporter-output>
          </reporter-output>
        </test-method> <!-- configAS -->
      </class> <!-- com.account.CreateAdmin_genericUtil -->
    </test> <!-- Test -->
  </suite> <!-- Suite -->
</testng-results>
